\BOOKMARK [1][-]{section.1}{\376\377\006\047\006\071\006\057\006\047\006\057\000\040\000-\000\040\006\105\006\050\006\106\006\047\006\107\006\047\000\040\000-\000\040\006\105\006\251\006\105\006\104\000\040\006\107\006\047\000\040\000-\000\040\006\251\006\057\006\107\006\047}{}% 1
\BOOKMARK [2][-]{subsubsection.1.0.1}{\376\377\006\052\006\065\006\047\006\071\006\057\000\040\006\107\006\106\006\057\006\063\006\314}{section.1}% 2
\BOOKMARK [2][-]{subsection.1.1}{\376\377\006\052\006\050\006\057\006\314\006\104\000\040\006\105\006\050\006\106\006\047\000\040\006\047\006\062\000\040\0002\000\040\006\050\006\107\000\040\0001\0000\000\040\006\314\006\047\000\040\006\050\006\104\006\071\006\251\006\063}{section.1}% 3
\BOOKMARK [2][-]{subsection.1.2}{\376\377\006\052\006\050\006\057\006\314\006\104\000\040\006\105\006\050\006\106\006\047\000\040\006\047\006\062\000\040\0002\000\040\006\050\006\107\000\040\0001\0000}{section.1}% 4
\BOOKMARK [2][-]{subsection.1.3}{\376\377\006\052\006\050\006\057\006\314\006\104\000\040\006\105\006\050\006\106\006\047\000\040\006\047\006\062\000\040\0001\0000\000\040\006\050\006\107\000\040\006\057\006\110}{section.1}% 5
\BOOKMARK [2][-]{subsection.1.4}{\376\377\006\052\006\050\006\057\006\314\006\104\000\040\006\105\006\050\006\106\006\047\000\040\006\047\006\062\000\040\0001\0000\000\040\006\050\006\107\000\040\006\107\006\064\006\052\000\040\006\110\000\040\006\050\006\061\006\071\006\251\006\063}{section.1}% 6
\BOOKMARK [2][-]{subsection.1.5}{\376\377\006\052\006\050\006\057\006\314\006\104\000\040\006\047\006\071\006\057\006\047\006\057\000\040\006\065\006\055\006\314\006\055\000\040\006\047\006\062\000\040\006\105\006\050\006\106\006\047\006\314\000\040\0001\0000\000\040\006\050\006\107\000\040\0001\0006\000\040\006\110\000\040\006\050\006\061\006\071\006\251\006\063}{section.1}% 7
\BOOKMARK [2][-]{subsection.1.6}{\376\377\006\052\006\050\006\057\006\314\006\104\000\040\006\047\006\071\006\064\006\047\006\061\006\314\000\040\006\057\006\107\006\057\006\107\006\314\000\040\006\050\006\107\000\040\006\057\006\110\006\057\006\110\006\314\006\314\000\040\006\110\000\040\006\050\006\061\006\071\006\251\006\063}{section.1}% 8
\BOOKMARK [2][-]{subsection.1.7}{\376\377\006\052\006\050\006\057\006\314\006\104\000\040\006\047\006\071\006\057\006\047\006\057\000\040\006\105\006\050\006\106\006\047\006\314\000\040\006\057\006\110\000\040\006\050\006\107\000\040\006\105\006\050\006\106\006\047\006\314\000\040\006\107\006\064\006\052\000\040\006\110\000\040\006\050\006\061\006\071\006\251\006\063}{section.1}% 9
\BOOKMARK [2][-]{subsection.1.8}{\376\377\006\052\006\050\006\057\006\314\006\104\000\040\006\105\006\050\006\106\006\047\000\040\0002\000\040\006\050\006\107\000\040\0001\0006\000\040\006\110\000\040\006\050\006\061\006\071\006\251\006\063}{section.1}% 10
\BOOKMARK [2][-]{subsection.1.9}{\376\377\006\052\006\050\006\057\006\314\006\104\000\040\006\047\006\071\006\057\006\047\006\057\000\040\006\105\006\050\006\106\006\047\006\314\000\040\0008\000\040\006\050\006\107\000\040\0001\0006\000\040\006\110\000\040\006\050\006\061\006\071\006\251\006\063}{section.1}% 11
\BOOKMARK [2][-]{subsection.1.10}{\376\377\006\105\006\052\006\105\006\105\000\040\006\107\006\047\000\040\006\314\006\047\000\040\000\050\000C\000o\000m\000p\000l\000e\000m\000e\000n\000t\000s\000\051}{section.1}% 12
\BOOKMARK [2][-]{subsection.1.11}{\376\377\006\047\006\071\006\057\006\047\006\057\000\040\006\071\006\104\006\047\006\105\006\052\000\040\006\057\006\047\006\061}{section.1}% 13
\BOOKMARK [2][-]{subsection.1.12}{\376\377\006\071\006\105\006\104\006\314\006\047\006\052\000\040\006\061\006\110\006\314\000\040\006\047\006\071\006\057\006\047\006\057\000\040\006\050\006\057\006\110\006\106\000\040\006\071\006\104\006\047\006\105\006\052\000\040\006\057\006\061\000\040\006\105\006\050\006\106\006\047\006\107\006\047\006\314\000\040\006\105\006\056\006\052\006\104\006\101}{section.1}% 14
\BOOKMARK [2][-]{subsection.1.13}{\376\377\006\052\006\101\006\061\006\314\006\102\000\040\006\057\006\110\000\040\006\071\006\057\006\057\000\040\006\050\006\314\000\040\006\071\006\104\006\047\006\105\006\052\000\040\006\057\006\061\000\040\006\105\006\050\006\106\006\047\006\314\000\040\0002\000\040\006\050\006\107\000\040\006\061\006\110\006\064\000\040\006\105\006\063\006\052\006\102\006\314\006\105\000\040\000\050\006\102\006\061\006\066\000\040\006\257\006\061\006\101\006\052\006\106\000\051}{section.1}% 15
\BOOKMARK [2][-]{subsection.1.14}{\376\377\006\054\006\105\006\071\000\040\006\110\000\040\006\052\006\101\006\061\006\314\006\102\000\040\006\047\006\071\006\057\006\047\006\057\000\040\006\071\006\104\006\047\006\105\006\052\000\040\006\057\006\047\006\061}{section.1}% 16
\BOOKMARK [3][-]{subsubsection.1.14.1}{\376\377\006\054\006\105\006\071\000\040\006\057\006\110\000\040\006\071\006\057\006\057\000\040\006\071\006\104\006\047\006\105\006\052\000\040\006\057\006\047\006\061\000\040\006\057\006\061\000\040\006\063\006\314\006\063\006\052\006\105\000\040\006\105\006\251\006\105\006\104\000\040\0002}{subsection.1.14}% 17
\BOOKMARK [2][-]{subsection.1.15}{\376\377\000O\000v\000e\000r\000f\000l\000o\000w\000\040\006\063\006\061\006\061\006\314\006\062}{section.1}% 18
\BOOKMARK [2][-]{subsection.1.16}{\376\377\006\050\006\047\006\062\006\107\000\040\006\105\006\056\006\052\006\104\006\101\000\040\006\063\006\047\006\056\006\052\000\040\006\047\006\071\006\057\006\047\006\057\000\040\006\057\006\061\000\040\006\063\006\314\006\063\006\052\006\105\000\040\006\107\006\047\006\314\000\040\006\105\006\056\006\052\006\104\006\101\000\040\006\050\006\047\000\040\006\251\006\105\006\251\000\040\000n\000\040\006\050\006\314\006\052}{section.1}% 19
\BOOKMARK [2][-]{subsection.1.17}{\376\377\006\052\006\064\006\056\006\314\006\065\000\040\006\063\006\061\006\061\006\314\006\062\000\040\006\057\006\110\000\040\006\071\006\057\006\057\000\040\006\050\006\057\006\110\006\106\000\040\006\071\006\104\006\047\006\105\006\052}{section.1}% 20
\BOOKMARK [2][-]{subsection.1.18}{\376\377\006\052\006\064\006\056\006\314\006\065\000\040\006\063\006\061\006\061\006\314\006\062\000\040\006\057\006\061\000\040\006\047\006\071\006\057\006\047\006\057\000\040\006\071\006\104\006\047\006\105\006\052\000\040\006\057\006\047\006\061\000\040\006\105\006\251\006\105\006\104\000\040\0002}{section.1}% 21
\BOOKMARK [2][-]{subsection.1.19}{\376\377\006\052\006\101\006\061\006\314\006\102\000\040\006\057\006\110\000\040\006\071\006\057\006\057\000\040\006\071\006\104\006\047\006\105\006\105\006\052\000\040\006\057\006\047\006\061\000\040\006\057\006\061\000\040\006\063\006\314\006\063\006\052\006\105\000\040\006\105\006\251\006\105\006\104\000\040\0002}{section.1}% 22
\BOOKMARK [2][-]{subsection.1.20}{\376\377\006\063\006\314\006\063\006\052\006\105\000\040\000D\0002\000B}{section.1}% 23
\BOOKMARK [3][-]{subsubsection.1.20.1}{\376\377\006\251\006\057\000\040\006\251\006\061\006\057\006\106\000\040\006\047\006\071\006\057\006\047\006\057\000\040\006\057\006\107\006\057\006\107\006\314}{subsection.1.20}% 24
\BOOKMARK [3][-]{subsubsection.1.20.2}{\376\377\006\054\006\105\006\071\000\040\006\057\006\110\006\071\006\057\006\057\000\040\000B\000C\000D}{subsection.1.20}% 25
\BOOKMARK [2][-]{subsection.1.21}{\376\377\006\251\006\057\000\040\006\257\006\061\006\314\000\040\006\314\006\047\000\040\006\251\006\057\000\040\006\047\006\106\006\071\006\251\006\047\006\063\006\314}{section.1}% 26
\BOOKMARK [3][-]{subsubsection.1.21.1}{\376\377\006\052\006\050\006\057\006\314\006\104\000\040\006\050\006\047\006\314\006\106\006\061\006\314\000\040\0004\000\040\006\050\006\314\006\052\006\314\000\040\006\050\006\107\000\040\006\257\006\061\006\314\000\040\0004\000\040\006\050\006\314\006\052}{subsection.1.21}% 27
\BOOKMARK [3][-]{subsubsection.1.21.2}{\376\377\006\052\006\050\006\057\006\314\006\104\000\040\006\251\006\057\000\040\006\257\006\061\006\314\000\040\006\050\006\107\000\040\006\251\006\057\000\040\006\050\006\047\006\314\006\106\006\061\006\314}{subsection.1.21}% 28
\BOOKMARK [2][-]{subsection.1.22}{Codes\040ASCII}{section.1}% 29
\BOOKMARK [2][-]{subsection.1.23}{\376\377\006\251\006\057\000\040\006\107\006\047\006\314\000\040\006\052\006\064\006\056\006\314\006\065\000\040\006\110\000\040\006\052\006\065\006\055\006\314\006\055\000\040\006\056\006\067\006\047}{section.1}% 30
\BOOKMARK [3][-]{subsubsection.1.23.1}{\376\377\006\251\006\057\006\107\006\047\006\314\000\040\006\052\006\064\006\056\006\314\006\065\000\040\006\056\006\067\006\047}{subsection.1.23}% 31
\BOOKMARK [2][-]{subsection.1.24}{Parity\040Block\040or\040Parity\040Overlapping}{section.1}% 32
\BOOKMARK [2][-]{subsection.1.25}{Checksum\040Parity}{section.1}% 33
\BOOKMARK [3][-]{subsubsection.1.25.1}{checksum\040Single-precision}{subsection.1.25}% 34
\BOOKMARK [3][-]{subsubsection.1.25.2}{checksum\040Double-precision}{subsection.1.25}% 35
\BOOKMARK [3][-]{subsubsection.1.25.3}{checksum\040Residue}{subsection.1.25}% 36
\BOOKMARK [3][-]{subsubsection.1.25.4}{checksum\040HoneyWell}{subsection.1.25}% 37
\BOOKMARK [2][-]{subsection.1.26}{\376\377\006\251\006\057\000\040\006\107\006\105\006\314\006\106\006\257\000\040\006\314\006\047\000\040\000C\000o\000d\000e\000\040\000H\000a\000m\000m\000i\000n\000g}{section.1}% 38
\BOOKMARK [3][-]{subsubsection.1.26.1}{\376\377\006\101\006\047\006\065\006\104\006\107\000\040\006\107\006\105\006\314\006\106\006\257}{subsection.1.26}% 39
\BOOKMARK [3][-]{subsubsection.1.26.2}{\376\377\006\106\006\055\006\110\006\107\000\040\006\050\006\057\006\063\006\052\000\040\006\107\006\105\006\314\006\106\006\257\000\040\006\251\006\057\000\040\006\110\000\040\006\052\006\064\006\056\006\314\006\065\000\040\006\110\000\040\006\052\006\065\006\055\006\314\006\055\000\040\006\056\006\067\006\047}{subsection.1.26}% 40
\BOOKMARK [3][-]{subsubsection.1.26.3}{\376\377\006\176\006\314\006\057\006\047\000\040\006\251\006\061\006\057\006\106\000\040\006\071\006\057\006\057\000\040\006\072\006\104\006\067\000\040\006\110\000\040\006\052\006\065\006\055\006\314\006\055\000\040\006\042\006\106}{subsection.1.26}% 41
\BOOKMARK [3][-]{subsubsection.1.26.4}{\376\377\006\106\006\055\006\110\006\107\000\040\006\105\006\055\006\047\006\063\006\050\006\107\000\040\006\052\006\071\006\057\006\047\006\057\000\040\006\176\006\061\006\052\006\314\000\040\006\107\006\047\006\314\000\040\006\107\006\105\006\314\006\106\006\257}{subsection.1.26}% 42
\BOOKMARK [1][-]{section.2}{\376\377\006\054\006\050\006\061\000\040\006\050\006\110\006\104\000\040\000-\000\040\006\063\006\047\006\057\006\107\000\040\006\063\006\047\006\062\006\314\000\040\000-\000\040\000P\000I\000,\000\040\000E\000P\000I}{}% 43
\BOOKMARK [2][-]{subsection.2.1}{table\040truth\040And\040Or\040Not\040}{section.2}% 44
\BOOKMARK [2][-]{subsection.2.2}{\376\377\006\047\006\063\006\052\006\101\006\047\006\057\006\107\000\040\006\047\006\062\000\040\006\106\006\105\006\110\006\057\006\047\006\061\000\040\006\110\006\120\006\106\000\040\006\050\006\061\006\047\006\314\000\040\006\106\006\105\006\047\006\314\006\064\000\040\006\105\006\106\006\067\006\102\006\314}{section.2}% 45
\BOOKMARK [3][-]{subsubsection.2.2.1}{Variable\040Single}{subsection.2.2}% 46
\BOOKMARK [3][-]{subsubsection.2.2.2}{Variable\040Double}{subsection.2.2}% 47
\BOOKMARK [3][-]{subsubsection.2.2.3}{Variable\040Three}{subsection.2.2}% 48
\BOOKMARK [2][-]{subsection.2.3}{off-set\040and\040on-set}{section.2}% 49
\BOOKMARK [2][-]{subsection.2.4}{\376\377\006\064\006\105\006\047\006\314\006\104\000\040\006\257\006\314\006\052\000\040\006\107\006\047\006\314\000\040\006\052\006\047\006\251\006\106\006\110\006\106\000\040\006\257\006\101\006\052\006\107\000\040\006\064\006\057\006\107}{section.2}% 50
\BOOKMARK [2][-]{subsection.2.5}{table\040truth\040NAND\040NOR\040Xor\040XNOR\040}{section.2}% 51
\BOOKMARK [2][-]{subsection.2.6}{\376\377\006\206\006\106\006\057\000\040\006\105\006\110\006\061\006\057\000\040\006\047\006\062\000\040\006\047\006\065\006\067\006\104\006\047\006\055\006\047\006\052}{section.2}% 52
\BOOKMARK [3][-]{subsubsection.2.6.1}{Term}{subsection.2.6}% 53
\BOOKMARK [3][-]{subsubsection.2.6.2}{Term\040Product}{subsection.2.6}% 54
\BOOKMARK [3][-]{subsubsection.2.6.3}{Term\040Sum}{subsection.2.6}% 55
\BOOKMARK [3][-]{subsubsection.2.6.4}{Term\040Min}{subsection.2.6}% 56
\BOOKMARK [3][-]{subsubsection.2.6.5}{Product\040of\040Sum\040SoP}{subsection.2.6}% 57
\BOOKMARK [3][-]{subsubsection.2.6.6}{Sum\040of\040Product\040PoS}{subsection.2.6}% 58
\BOOKMARK [3][-]{subsubsection.2.6.7}{\376\377\006\056\006\110\006\057\006\052\000\040\006\061\006\047\000\040\006\047\006\105\006\052\006\055\006\047\006\106\000\040\006\251\006\106}{subsection.2.6}% 59
\BOOKMARK [2][-]{subsection.2.7}{Low\040Dual}{section.2}% 60
\BOOKMARK [3][-]{subsubsection.2.7.1}{Dual\040Self}{subsection.2.7}% 61
\BOOKMARK [3][-]{subsubsection.2.7.2}{\376\377\006\047\006\065\006\104\000\040\000D\000u\000a\000l\000i\000t\000y}{subsection.2.7}% 62
\BOOKMARK [2][-]{subsection.2.8}{\376\377\006\056\006\047\006\065\006\314\006\052\000\040\006\107\006\047\006\314\000\040\006\257\006\062\006\047\006\061\006\107\000\040\006\107\006\047}{section.2}% 63
\BOOKMARK [2][-]{subsection.2.9}{Gates}{section.2}% 64
\BOOKMARK [2][-]{subsection.2.10}{Functions\040Intermediate}{section.2}% 65
